<?xml version="1.0" encoding="UTF-8"?>
<!-- Generated by org.testng.reporters.JUnitXMLReporter -->
<testsuite hostname="LAPTOP-9LCHBN5S" ignored="0" name="Test" tests="1" failures="1" timestamp="04 Jun 2020 19:18:03 GMT" time="27.078" errors="0">
  <testcase name="login" time="2.633" classname="com.scripts.actitime.TestActitimeLoginPage">
    <failure type="java.lang.NullPointerException">
      <![CDATA[java.lang.NullPointerException
at org.openqa.selenium.support.pagefactory.DefaultElementLocator.findElement(DefaultElementLocator.java:70)
at org.openqa.selenium.support.pagefactory.internal.LocatingElementHandler.invoke(LocatingElementHandler.java:39)
at com.sun.proxy.$Proxy10.sendKeys(Unknown Source)
at com.pages.actitime.POMActitimeLoginPage.Actitime(POMActitimeLoginPage.java:31)
at com.scripts.actitime.TestActitimeLoginPage.login(TestActitimeLoginPage.java:18)
... Removed 25 stack frames]]>
    </failure>
  </testcase> <!-- login -->
</testsuite> <!-- Test -->
