<?xml version="1.0" encoding="UTF-8"?>
<testng-results skipped="0" failed="0" ignored="0" total="1" passed="1">
  <reporter-output>
    <line>
      <![CDATA[Execution of test methodstart]]>
    </line>
    <line>
      <![CDATA[it's done]]>
    </line>
  </reporter-output>
  <suite name="Default suite" duration-ms="23842" started-at="2020-06-04T19:36:35Z" finished-at="2020-06-04T19:36:59Z">
    <groups>
    </groups>
    <test name="Default test" duration-ms="23842" started-at="2020-06-04T19:36:35Z" finished-at="2020-06-04T19:36:59Z">
      <class name="com.scripts.actitime.TestActitimeLoginPage">
        <test-method status="PASS" signature="openBrowser()[pri:0, instance:com.scripts.actitime.TestActitimeLoginPage@5649fd9b]" name="openBrowser" is-config="true" duration-ms="20385" started-at="2020-06-04T19:36:35Z" finished-at="2020-06-04T19:36:55Z">
          <reporter-output>
          </reporter-output>
        </test-method> <!-- openBrowser -->
        <test-method status="PASS" signature="startExecution()[pri:0, instance:com.scripts.actitime.TestActitimeLoginPage@5649fd9b]" name="startExecution" is-config="true" duration-ms="3404" started-at="2020-06-04T19:36:55Z" finished-at="2020-06-04T19:36:59Z">
          <reporter-output>
            <line>
              <![CDATA[Execution of test methodstart]]>
            </line>
          </reporter-output>
        </test-method> <!-- startExecution -->
        <test-method status="PASS" signature="login()[pri:0, instance:com.scripts.actitime.TestActitimeLoginPage@5649fd9b]" name="login" duration-ms="10" started-at="2020-06-04T19:36:59Z" finished-at="2020-06-04T19:36:59Z">
          <reporter-output>
            <line>
              <![CDATA[it's done]]>
            </line>
          </reporter-output>
        </test-method> <!-- login -->
        <test-method status="PASS" signature="closeBrowser()[pri:0, instance:com.scripts.actitime.TestActitimeLoginPage@5649fd9b]" name="closeBrowser" is-config="true" duration-ms="0" started-at="2020-06-04T19:36:59Z" finished-at="2020-06-04T19:36:59Z">
          <reporter-output>
          </reporter-output>
        </test-method> <!-- closeBrowser -->
      </class> <!-- com.scripts.actitime.TestActitimeLoginPage -->
    </test> <!-- Default test -->
  </suite> <!-- Default suite -->
</testng-results>
